<?xml version="1.0" encoding="UTF-8"?>
<testng-results ignored="0" total="5" passed="5" failed="0" skipped="0">
  <reporter-output>
  </reporter-output>
  <suite started-at="2023-02-04T11:23:58 GST" name="Default suite" finished-at="2023-02-04T11:25:47 GST" duration-ms="108781">
    <groups>
    </groups>
    <test started-at="2023-02-04T11:23:58 GST" name="Default test" finished-at="2023-02-04T11:25:47 GST" duration-ms="108781">
      <class name="TestCasesProduct1.RegisterCases">
        <test-method is-config="true" signature="setUp()[pri:0, instance:TestCasesProduct1.RegisterCases@483f6d77]" started-at="2023-02-04T11:23:58 GST" name="setUp" finished-at="2023-02-04T11:24:15 GST" duration-ms="16965" status="PASS">
          <reporter-output>
          </reporter-output>
        </test-method> <!-- setUp -->
        <test-method signature="RegisterWithInvalidEmail()[pri:4, instance:TestCasesProduct1.RegisterCases@483f6d77]" started-at="2023-02-04T11:24:15 GST" name="RegisterWithInvalidEmail" finished-at="2023-02-04T11:24:18 GST" duration-ms="2881" status="PASS">
          <reporter-output>
          </reporter-output>
        </test-method> <!-- RegisterWithInvalidEmail -->
        <test-method is-config="true" signature="closeBrowser()[pri:0, instance:TestCasesProduct1.RegisterCases@483f6d77]" started-at="2023-02-04T11:24:18 GST" name="closeBrowser" finished-at="2023-02-04T11:24:18 GST" duration-ms="190" status="PASS">
          <reporter-output>
          </reporter-output>
        </test-method> <!-- closeBrowser -->
        <test-method is-config="true" signature="setUp()[pri:0, instance:TestCasesProduct1.RegisterCases@483f6d77]" started-at="2023-02-04T11:24:18 GST" name="setUp" finished-at="2023-02-04T11:24:35 GST" duration-ms="16286" status="PASS">
          <reporter-output>
          </reporter-output>
        </test-method> <!-- setUp -->
        <test-method signature="RegisterWithMismatchPassword()[pri:5, instance:TestCasesProduct1.RegisterCases@483f6d77]" started-at="2023-02-04T11:24:35 GST" name="RegisterWithMismatchPassword" finished-at="2023-02-04T11:24:38 GST" duration-ms="2933" status="PASS">
          <reporter-output>
          </reporter-output>
        </test-method> <!-- RegisterWithMismatchPassword -->
        <test-method is-config="true" signature="closeBrowser()[pri:0, instance:TestCasesProduct1.RegisterCases@483f6d77]" started-at="2023-02-04T11:24:38 GST" name="closeBrowser" finished-at="2023-02-04T11:24:38 GST" duration-ms="81" status="PASS">
          <reporter-output>
          </reporter-output>
        </test-method> <!-- closeBrowser -->
        <test-method is-config="true" signature="setUp()[pri:0, instance:TestCasesProduct1.RegisterCases@483f6d77]" started-at="2023-02-04T11:24:38 GST" name="setUp" finished-at="2023-02-04T11:24:52 GST" duration-ms="14035" status="PASS">
          <reporter-output>
          </reporter-output>
        </test-method> <!-- setUp -->
        <test-method signature="RegisterWithNOEmail()[pri:6, instance:TestCasesProduct1.RegisterCases@483f6d77]" started-at="2023-02-04T11:24:52 GST" name="RegisterWithNOEmail" finished-at="2023-02-04T11:24:54 GST" duration-ms="2502" status="PASS">
          <reporter-output>
          </reporter-output>
        </test-method> <!-- RegisterWithNOEmail -->
        <test-method is-config="true" signature="closeBrowser()[pri:0, instance:TestCasesProduct1.RegisterCases@483f6d77]" started-at="2023-02-04T11:24:54 GST" name="closeBrowser" finished-at="2023-02-04T11:25:10 GST" duration-ms="16214" status="PASS">
          <reporter-output>
          </reporter-output>
        </test-method> <!-- closeBrowser -->
        <test-method is-config="true" signature="setUp()[pri:0, instance:TestCasesProduct1.RegisterCases@483f6d77]" started-at="2023-02-04T11:25:10 GST" name="setUp" finished-at="2023-02-04T11:25:25 GST" duration-ms="14195" status="PASS">
          <reporter-output>
          </reporter-output>
        </test-method> <!-- setUp -->
        <test-method signature="RegisterWithNOPassword()[pri:7, instance:TestCasesProduct1.RegisterCases@483f6d77]" started-at="2023-02-04T11:25:25 GST" name="RegisterWithNOPassword" finished-at="2023-02-04T11:25:27 GST" duration-ms="2588" status="PASS">
          <reporter-output>
          </reporter-output>
        </test-method> <!-- RegisterWithNOPassword -->
        <test-method is-config="true" signature="closeBrowser()[pri:0, instance:TestCasesProduct1.RegisterCases@483f6d77]" started-at="2023-02-04T11:25:27 GST" name="closeBrowser" finished-at="2023-02-04T11:25:27 GST" duration-ms="79" status="PASS">
          <reporter-output>
          </reporter-output>
        </test-method> <!-- closeBrowser -->
        <test-method is-config="true" signature="setUp()[pri:0, instance:TestCasesProduct1.RegisterCases@483f6d77]" started-at="2023-02-04T11:25:27 GST" name="setUp" finished-at="2023-02-04T11:25:42 GST" duration-ms="14591" status="PASS">
          <reporter-output>
          </reporter-output>
        </test-method> <!-- setUp -->
        <test-method signature="Registeration()[pri:8, instance:TestCasesProduct1.RegisterCases@483f6d77]" started-at="2023-02-04T11:25:42 GST" name="Registeration" finished-at="2023-02-04T11:25:47 GST" duration-ms="4995" status="PASS">
          <reporter-output>
          </reporter-output>
        </test-method> <!-- Registeration -->
        <test-method is-config="true" signature="closeBrowser()[pri:0, instance:TestCasesProduct1.RegisterCases@483f6d77]" started-at="2023-02-04T11:25:47 GST" name="closeBrowser" finished-at="2023-02-04T11:25:47 GST" duration-ms="181" status="PASS">
          <reporter-output>
          </reporter-output>
        </test-method> <!-- closeBrowser -->
      </class> <!-- TestCasesProduct1.RegisterCases -->
    </test> <!-- Default test -->
  </suite> <!-- Default suite -->
</testng-results>
