<?xml version="1.0" encoding="UTF-8"?>
<!-- Generated by org.testng.reporters.JUnitXMLReporter -->
<testsuite ignored="0" hostname="DESKTOP-FPNQV5V" failures="0" tests="5" name="Default test" time="108.781" errors="0" timestamp="2023-02-04T11:25:47 GST">
  <testcase classname="TestCasesProduct1.RegisterCases" name="RegisterWithInvalidEmail" time="2.881"/>
  <testcase classname="TestCasesProduct1.RegisterCases" name="RegisterWithMismatchPassword" time="2.933"/>
  <testcase classname="TestCasesProduct1.RegisterCases" name="RegisterWithNOEmail" time="2.502"/>
  <testcase classname="TestCasesProduct1.RegisterCases" name="RegisterWithNOPassword" time="2.588"/>
  <testcase classname="TestCasesProduct1.RegisterCases" name="Registeration" time="4.995"/>
</testsuite> <!-- Default test -->
